TN:
SF:src/VickreyAuction.sol
FN:111,VickreyAuction.createAuction
FNDA:39,VickreyAuction.createAuction
DA:118,39
BRDA:118,0,0,1
BRDA:118,0,1,38
DA:119,1
DA:122,38
BRDA:122,1,0,2
BRDA:122,1,1,36
DA:123,2
DA:126,36
BRDA:126,2,0,1
BRDA:126,2,1,35
DA:127,1
DA:130,35
DA:131,35
DA:133,35
BRDA:133,3,0,1
BRDA:133,3,1,1
DA:134,3
BRDA:134,4,0,1
BRDA:134,4,1,2
DA:135,1
DA:141,2
BRDA:141,5,0,1
BRDA:141,5,1,1
DA:142,1
DA:145,1
DA:148,33
DA:159,33
DA:161,33
FN:176,VickreyAuction.commitBid
FNDA:29,VickreyAuction.commitBid
DA:177,29
DA:178,29
BRDA:178,6,0,1
BRDA:178,6,1,28
DA:179,1
DA:182,28
BRDA:182,7,0,1
BRDA:182,7,1,27
DA:183,1
DA:186,27
BRDA:186,8,0,1
BRDA:186,8,1,26
DA:187,1
DA:190,26
BRDA:190,9,0,1
BRDA:190,9,1,25
DA:191,1
DA:194,25
BRDA:194,10,0,1
BRDA:194,10,1,24
DA:195,1
DA:198,24
DA:200,24
DA:201,24
BRDA:201,11,0,1
BRDA:201,11,1,24
DA:202,1
DA:203,1
DA:206,24
DA:210,24
DA:211,24
DA:213,24
FN:220,VickreyAuction.revealBid
FNDA:21,VickreyAuction.revealBid
DA:225,21
DA:226,21
BRDA:226,12,0,1
BRDA:226,12,1,20
DA:227,1
DA:230,20
BRDA:230,13,0,1
BRDA:230,13,1,19
DA:231,1
DA:234,19
BRDA:234,14,0,1
BRDA:234,14,1,18
DA:235,1
DA:238,18
DA:240,18
BRDA:240,15,0,1
BRDA:240,15,1,17
DA:241,1
DA:244,17
DA:248,17
BRDA:248,16,0,2
BRDA:248,16,1,15
DA:249,2
DA:252,15
BRDA:252,17,0,1
BRDA:252,17,1,5
DA:253,14
BRDA:253,18,0,9
BRDA:253,18,1,5
DA:254,9
DA:255,9
DA:256,9
DA:257,5
BRDA:257,19,0,1
BRDA:257,19,1,5
DA:258,1
DA:262,15
DA:263,15
DA:267,15
DA:269,15
FN:278,VickreyAuction.endAuction
FNDA:11,VickreyAuction.endAuction
DA:279,11
DA:280,11
BRDA:280,20,0,1
BRDA:280,20,1,10
DA:281,1
DA:284,10
BRDA:284,21,0,1
BRDA:284,21,1,9
DA:285,1
DA:288,9
BRDA:288,22,0,1
BRDA:288,22,1,8
DA:289,1
DA:292,8
BRDA:292,23,0,1
BRDA:292,23,1,3
DA:293,4
BRDA:293,24,0,1
BRDA:293,24,1,3
DA:294,1
DA:299,3
DA:302,7
BRDA:302,25,0,4
BRDA:302,25,1,3
DA:303,4
DA:304,4
DA:305,4
DA:306,4
DA:309,3
DA:311,3
DA:313,3
BRDA:313,26,0,1
BRDA:313,26,1,3
DA:315,1
DA:319,3
DA:324,3
DA:325,3
DA:328,3
DA:331,3
DA:333,3
BRDA:333,27,0,-
BRDA:333,27,1,1
DA:334,1
DA:337,3
FN:344,VickreyAuction.withdrawCollateral
FNDA:6,VickreyAuction.withdrawCollateral
DA:345,6
DA:347,6
DA:349,6
BRDA:349,28,0,2
BRDA:349,28,1,4
DA:350,2
DA:353,4
BRDA:353,29,0,1
BRDA:353,29,1,3
DA:354,1
DA:357,3
DA:359,3
BRDA:359,30,0,1
BRDA:359,30,1,2
DA:360,1
DA:363,2
DA:368,2
FN:373,VickreyAuction.getAuction
FNDA:53,VickreyAuction.getAuction
DA:376,53
FNF:6
FNH:6
LF:101
LH:101
BRF:62
BRH:61
end_of_record
